<?xml version="1.0" encoding="UTF-8"?>
<testsuite xmlns:xsi="http://www.w3.org/2001/XMLSchema-instance" xsi:noNamespaceSchemaLocation="https://maven.apache.org/surefire/maven-surefire-plugin/xsd/surefire-test-report.xsd" version="3.0.2" name="com.zc.ZcMcpServerApplicationTests" time="2.356" tests="1" errors="0" skipped="0" failures="0">
  <properties>
[...]
</properties>
  <testcase name="contextLoads" classname="com.zc.ZcMcpServerApplicationTests" time="0.492">
    <system-out><![CDATA[09:14:59.000 [main] INFO org.springframework.test.context.support.AnnotationConfigContextLoaderUtils -- Could not detect default configuration classes for test class [com.zc.ZcMcpServerApplicationTests]: ZcMcpServerApplicationTests does not declare any static, non-private, non-final, nested classes annotated with @Configuration.
09:14:59.084 [main] INFO org.springframework.boot.test.context.SpringBootTestContextBootstrapper -- Found @SpringBootConfiguration com.zc.ZcMcpServerApplication for test class com.zc.ZcMcpServerApplicationTests

  .   ____          _            __ _ _
 /\\ / ___'_ __ _ _(_)_ __  __ _ \ \ \ \
( ( )\___ | '_ | '_| | '_ \/ _` | \ \ \ \
 \\/  ___)| |_)| | | | | || (_| |  ) ) ) )
  '  |____| .__|_| |_|_| |_\__, | / / / /
 =========|_|==============|___/=/_/_/_/

 :: Spring Boot ::                (v3.5.6)

2026-05-15T09:14:59.498+08:00  INFO 3032 --- [weather-mcp-server] [           main] com.zc.ZcMcpServerApplicationTests       : Starting ZcMcpServerApplicationTests using Java 21.0.10 with PID 3032 (started by admin in D:\cursor\zc_mcp_server)
2026-05-15T09:14:59.499+08:00  INFO 3032 --- [weather-mcp-server] [           main] com.zc.ZcMcpServerApplicationTests       : No active profile set, falling back to 1 default profile: "default"
2026-05-15T09:15:00.690+08:00  INFO 3032 --- [weather-mcp-server] [           main] o.s.a.m.s.a.McpServerAutoConfiguration   : Enable tools capabilities, notification: true
2026-05-15T09:15:00.691+08:00  INFO 3032 --- [weather-mcp-server] [           main] o.s.a.m.s.a.McpServerAutoConfiguration   : Registered tools: 1
2026-05-15T09:15:00.745+08:00  INFO 3032 --- [weather-mcp-server] [           main] com.zc.ZcMcpServerApplicationTests       : Started ZcMcpServerApplicationTests in 1.505 seconds (process running for 2.236)
]]></system-out>
    <system-err><![CDATA[Mockito is currently self-attaching to enable the inline-mock-maker. This will no longer work in future releases of the JDK. Please add Mockito as an agent to your build as described in Mockito's documentation: https://javadoc.io/doc/org.mockito/mockito-core/latest/org.mockito/org/mockito/Mockito.html#0.3
WARNING: A Java agent has been loaded dynamically (D:\install\repository\net\bytebuddy\byte-buddy-agent\1.17.7\byte-buddy-agent-1.17.7.jar)
WARNING: If a serviceability tool is in use, please run with -XX:+EnableDynamicAgentLoading to hide this warning
WARNING: If a serviceability tool is not in use, please run with -Djdk.instrument.traceUsage for more information
WARNING: Dynamic loading of agents will be disallowed by default in a future release
]]></system-err>
  </testcase>
</testsuite>